[2021-03-22 03:08:50,323][utils.torch_utils][INFO] - YOLOv5 v4.0-104-gefa4946 torch 1.8.0+cu101 CUDA:0 (Tesla T4, 15109.75MB)

[2021-03-22 03:08:50,331][__main__][INFO] - {'weights': 'yolov5s.pt', 'cfg': './models/./yolov5x.yaml', 'data': './data/./data.yaml', 'hyp': 'data/hyp.scratch.yaml', 'epochs': 10, 'batch_size': 16, 'img_size': [640, 640], 'world_size': 1, 'global_rank': -1, 'resume': False, 'name': 'test_yolov5x', 'evolve': False, 'project': 'runs/train', 'exist_ok': False, 'save_dir': 'runs/train/test_yolov5x49', 'total_batch_size': 16, 'device': '', 'local_rank': -1, 'single_cls': False, 'adam': False, 'linear_lr': False, 'sync_bn': False, 'cache_images': False, 'rect': False, 'workers': 8, 'image_weights': False, 'quad': False, 'noautoanchor': False, 'multi_scale': False, 'notest': False, 'bucket': '', 'nosave': False}
[2021-03-22 03:08:50,334][__main__][INFO] - [34m[1mwandb: [0mInstall Weights & Biases for YOLOv5 logging with 'pip install wandb' (recommended)
[2021-03-22 03:08:50,334][__main__][INFO] - Start Tensorboard with "tensorboard --logdir runs/train", view at http://localhost:6006/
[2021-03-22 03:08:50,360][__main__][INFO] - [34m[1mhyperparameters: [0mlr0=0.01, lrf=0.2, momentum=0.937, weight_decay=0.0005, warmup_epochs=3.0, warmup_momentum=0.8, warmup_bias_lr=0.1, box=0.05, cls=0.5, cls_pw=1.0, obj=1.0, obj_pw=1.0, iou_t=0.2, anchor_t=4.0, fl_gamma=0.0, hsv_h=0.015, hsv_s=0.7, hsv_v=0.4, degrees=0.0, translate=0.1, scale=0.5, shear=0.0, perspective=0.0, flipud=0.0, fliplr=0.5, mosaic=1.0, mixup=0.0
[2021-03-22 03:08:50,510][models.yolo][INFO] - Overriding model.yaml nc=80 with nc=6
[2021-03-22 03:08:50,511][models.yolo][INFO] - 
                 from  n    params  module                                  arguments                     
[2021-03-22 03:08:50,512][models.yolo][INFO] -   0                -1  1      8800  models.common.Focus                     [3, 80, 3]                    
[2021-03-22 03:08:50,513][models.yolo][INFO] -   1                -1  1    115520  models.common.Conv                      [80, 160, 3, 2]               
[2021-03-22 03:08:50,521][models.yolo][INFO] -   2                -1  1    309120  models.common.C3                        [160, 160, 4]                 
[2021-03-22 03:08:50,527][models.yolo][INFO] -   3                -1  1    461440  models.common.Conv                      [160, 320, 3, 2]              
[2021-03-22 03:08:50,564][models.yolo][INFO] -   4                -1  1   3285760  models.common.C3                        [320, 320, 12]                
[2021-03-22 03:08:50,584][models.yolo][INFO] -   5                -1  1   1844480  models.common.Conv                      [320, 640, 3, 2]              
[2021-03-22 03:08:50,710][models.yolo][INFO] -   6                -1  1  13125120  models.common.C3                        [640, 640, 12]                
[2021-03-22 03:08:50,768][models.yolo][INFO] -   7                -1  1   7375360  models.common.Conv                      [640, 1280, 3, 2]             
[2021-03-22 03:08:50,810][models.yolo][INFO] -   8                -1  1   4099840  models.common.SPP                       [1280, 1280, [5, 9, 13]]      
[2021-03-22 03:08:50,987][models.yolo][INFO] -   9                -1  1  19676160  models.common.C3                        [1280, 1280, 4, False]        
[2021-03-22 03:08:50,995][models.yolo][INFO] -  10                -1  1    820480  models.common.Conv                      [1280, 640, 1, 1]             
[2021-03-22 03:08:50,996][models.yolo][INFO] -  11                -1  1         0  torch.nn.modules.upsampling.Upsample    [None, 2, 'nearest']          
[2021-03-22 03:08:50,996][models.yolo][INFO] -  12           [-1, 6]  1         0  models.common.Concat                    [1]                           
[2021-03-22 03:08:51,045][models.yolo][INFO] -  13                -1  1   5332480  models.common.C3                        [1280, 640, 4, False]         
[2021-03-22 03:08:51,047][models.yolo][INFO] -  14                -1  1    205440  models.common.Conv                      [640, 320, 1, 1]              
[2021-03-22 03:08:51,047][models.yolo][INFO] -  15                -1  1         0  torch.nn.modules.upsampling.Upsample    [None, 2, 'nearest']          
[2021-03-22 03:08:51,048][models.yolo][INFO] -  16           [-1, 4]  1         0  models.common.Concat                    [1]                           
[2021-03-22 03:08:51,063][models.yolo][INFO] -  17                -1  1   1335040  models.common.C3                        [640, 320, 4, False]          
[2021-03-22 03:08:51,071][models.yolo][INFO] -  18                -1  1    922240  models.common.Conv                      [320, 320, 3, 2]              
[2021-03-22 03:08:51,072][models.yolo][INFO] -  19          [-1, 14]  1         0  models.common.Concat                    [1]                           
[2021-03-22 03:08:51,128][models.yolo][INFO] -  20                -1  1   4922880  models.common.C3                        [640, 640, 4, False]          
[2021-03-22 03:08:51,159][models.yolo][INFO] -  21                -1  1   3687680  models.common.Conv                      [640, 640, 3, 2]              
[2021-03-22 03:08:51,159][models.yolo][INFO] -  22          [-1, 10]  1         0  models.common.Concat                    [1]                           
[2021-03-22 03:08:51,318][models.yolo][INFO] -  23                -1  1  19676160  models.common.C3                        [1280, 1280, 4, False]        
[2021-03-22 03:08:51,319][models.yolo][INFO] -  24      [17, 20, 23]  1     74019  models.yolo.Detect                      [6, [[10, 13, 16, 30, 33, 23], [30, 61, 62, 45, 59, 119], [116, 90, 156, 198, 373, 326]], [320, 640, 1280]]
[2021-03-22 03:08:52,578][utils.torch_utils][INFO] - Model Summary: 607 layers, 87278019 parameters, 87278019 gradients, 217.4 GFLOPS
[2021-03-22 03:08:52,579][models.yolo][INFO] - 
[2021-03-22 03:08:52,736][__main__][INFO] - Transferred 59/794 items from yolov5s.pt
[2021-03-22 03:08:52,738][__main__][INFO] - Scaled weight_decay = 0.0005
[2021-03-22 03:08:52,742][__main__][INFO] - Optimizer groups: 134 .bias, 134 conv.weight, 131 other
[2021-03-22 03:09:03,277][__main__][INFO] - Image sizes 640 train, 640 test
Using 2 dataloader workers
Logging results to runs/train/test_yolov5x49
Starting training for 10 epochs...
[2021-03-22 03:09:03,281][__main__][INFO] - 
     Epoch   gpu_mem       box       obj       cls     total   targets  img_size
[2021-03-22 03:09:35,952][__main__][INFO] - 
     Epoch   gpu_mem       box       obj       cls     total   targets  img_size
[2021-03-22 03:10:09,067][__main__][INFO] - 
     Epoch   gpu_mem       box       obj       cls     total   targets  img_size
[2021-03-22 03:10:38,907][__main__][INFO] - 
     Epoch   gpu_mem       box       obj       cls     total   targets  img_size
[2021-03-22 03:11:08,300][__main__][INFO] - 
     Epoch   gpu_mem       box       obj       cls     total   targets  img_size
[2021-03-22 03:11:37,229][__main__][INFO] - 
     Epoch   gpu_mem       box       obj       cls     total   targets  img_size
[2021-03-22 03:12:06,303][__main__][INFO] - 
     Epoch   gpu_mem       box       obj       cls     total   targets  img_size
[2021-03-22 03:12:35,385][__main__][INFO] - 
     Epoch   gpu_mem       box       obj       cls     total   targets  img_size
[2021-03-22 03:13:04,484][__main__][INFO] - 
     Epoch   gpu_mem       box       obj       cls     total   targets  img_size
[2021-03-22 03:13:33,349][__main__][INFO] - 
     Epoch   gpu_mem       box       obj       cls     total   targets  img_size
[2021-03-22 03:14:12,901][__main__][INFO] - 10 epochs completed in 0.086 hours.

